<?xml version="1.0" encoding="UTF-8"?>
<testsuite xmlns:xsi="http://www.w3.org/2001/XMLSchema-instance" xsi:noNamespaceSchemaLocation="https://maven.apache.org/surefire/maven-surefire-plugin/xsd/surefire-test-report.xsd" name="com.mycompany.pesel.jobs.BreaksJobTest" time="0.838" tests="2" errors="0" skipped="0" failures="0">
  <properties>
[...]
</properties>
  <testcase name="shouldBeBreak" classname="com.mycompany.pesel.jobs.BreaksJobTest" time="0.006"/>
  <testcase name="shouldBeClass" classname="com.mycompany.pesel.jobs.BreaksJobTest" time="0.001"/>
</testsuite>